2022-02-25 15:00:02 : Compress of :
2022-02-25 15:00:02 :   -> /home/lordpax/Images
2022-02-25 15:00:02 :   -> /home/lordpax/programme
2022-02-25 15:00:02 :   -> /home/lordpax/Applications
2022-02-25 15:00:02 :   -> /home/lordpax/Documents/Banque
2022-02-25 15:00:02 :   -> /home/lordpax/Documents/Archlinux
2022-02-25 15:00:02 :   -> /home/lordpax/Documents/Cours
2022-02-25 15:00:02 :   -> /home/lordpax/Documents/CoursESGI
2022-02-25 15:00:02 :   -> /home/lordpax/Documents/Crypto
2022-02-25 15:00:02 :   -> /home/lordpax/Documents/Doc
2022-02-25 15:00:02 :   -> /home/lordpax/Documents/Jeux
2022-02-25 15:00:02 :   -> /home/lordpax/Documents/Stage
2022-02-25 15:00:02 :   -> /home/lordpax/Documents/poursuite
2022-02-25 15:00:02 :   -> /home/lordpax/Documents/ParcourSup
2022-02-25 15:00:02 :   -> /home/lordpax/Documents/Programmation
2022-02-25 15:00:02 :   -> /home/lordpax/Documents/Pentest
2022-02-25 15:00:02 :   -> /home/lordpax/Documents/Alternance
2022-02-25 15:00:02 :   -> /home/lordpax/Documents/ESGI
2022-02-25 15:00:02 :   -> /home/lordpax/Documents/Challenge
2022-02-25 15:00:02 :   -> /home/lordpax/Documents/marionnet
2022-02-25 15:00:02 : Backup /save/backup_compute-2.2022-02-25.tar.gz in progress ...
2022-02-25 15:03:02 : Compress of :
2022-02-25 15:03:02 :   -> /home/lordpax/.config/i3/
2022-02-25 15:03:02 :   -> /home/lordpax/.config/rofi/
2022-02-25 15:03:02 :   -> /home/lordpax/.config/polybar/
2022-02-25 15:03:02 :   -> /home/lordpax/.config/kdeconnect/
2022-02-25 15:03:02 :   -> /home/lordpax/.config/Kvantum/
2022-02-25 15:03:02 :   -> /home/lordpax/.config/latte/
2022-02-25 15:03:02 :   -> /home/lordpax/.config/picom/
2022-02-25 15:03:02 :   -> /home/lordpax/.config/thunar-script/
2022-02-25 15:03:02 :   -> /home/lordpax/.ssh/
2022-02-25 15:03:02 :   -> /home/lordpax/.gnupg/
2022-02-25 15:03:02 :   -> /home/lordpax/.vscode-oss/
2022-02-25 15:03:02 :   -> /home/lordpax/.config_backup/
2022-02-25 15:03:02 :   -> /home/lordpax/.themes/
2022-02-25 15:03:02 :   -> /home/lordpax/.vim/autoload/plug.vim
2022-02-25 15:03:02 :   -> /home/lordpax/.Xresources
2022-02-25 15:03:02 :   -> /home/lordpax/.bashrc
2022-02-25 15:03:02 :   -> /home/lordpax/.conkyrc
2022-02-25 15:03:02 :   -> /home/lordpax/.vimrc
2022-02-25 15:03:02 :   -> /home/lordpax/.tmux.conf
2022-02-25 15:03:02 :   -> /home/lordpax/.gitconfig
2022-02-25 15:03:02 :   -> /home/lordpax/.vim-vixen.json
2022-02-25 15:03:02 : Backup /save/dotfile.2022-02-25.tar.gz in progress ...
2022-02-25 15:03:10 : Backup /save/dotfile.2022-02-25.tar.gz end
2022-02-25 15:03:10 : Deleting 1 old backup : 
2022-02-25 15:03:10 :   -> Deleting /save/dotfile.2022-02-18.tar.gz ...
2022-02-25 15:09:07 : ERROR : Something wrong with compression
2022-02-26 15:00:01 : Compress of :
2022-02-26 15:00:01 :   -> /home/lordpax/Images
2022-02-26 15:00:01 :   -> /home/lordpax/programme
2022-02-26 15:00:01 :   -> /home/lordpax/Applications
2022-02-26 15:00:01 :   -> /home/lordpax/Documents/Banque
2022-02-26 15:00:01 :   -> /home/lordpax/Documents/Archlinux
2022-02-26 15:00:01 :   -> /home/lordpax/Documents/Cours
2022-02-26 15:00:01 :   -> /home/lordpax/Documents/CoursESGI
2022-02-26 15:00:01 :   -> /home/lordpax/Documents/Crypto
2022-02-26 15:00:01 :   -> /home/lordpax/Documents/Doc
2022-02-26 15:00:01 :   -> /home/lordpax/Documents/Jeux
2022-02-26 15:00:01 :   -> /home/lordpax/Documents/Stage
2022-02-26 15:00:01 :   -> /home/lordpax/Documents/poursuite
2022-02-26 15:00:01 :   -> /home/lordpax/Documents/ParcourSup
2022-02-26 15:00:01 :   -> /home/lordpax/Documents/Programmation
2022-02-26 15:00:01 :   -> /home/lordpax/Documents/Pentest
2022-02-26 15:00:01 :   -> /home/lordpax/Documents/Alternance
2022-02-26 15:00:01 :   -> /home/lordpax/Documents/ESGI
2022-02-26 15:00:01 :   -> /home/lordpax/Documents/Challenge
2022-02-26 15:00:01 :   -> /home/lordpax/Documents/marionnet
2022-02-26 15:00:01 : Backup /save/backup_compute-2.2022-02-26.tar.gz in progress ...
2022-02-26 15:03:01 : Compress of :
2022-02-26 15:03:01 :   -> /home/lordpax/.config/i3/
2022-02-26 15:03:01 :   -> /home/lordpax/.config/rofi/
2022-02-26 15:03:01 :   -> /home/lordpax/.config/polybar/
2022-02-26 15:03:01 :   -> /home/lordpax/.config/kdeconnect/
2022-02-26 15:03:01 :   -> /home/lordpax/.config/Kvantum/
2022-02-26 15:03:01 :   -> /home/lordpax/.config/latte/
2022-02-26 15:03:01 :   -> /home/lordpax/.config/picom/
2022-02-26 15:03:01 :   -> /home/lordpax/.config/thunar-script/
2022-02-26 15:03:01 :   -> /home/lordpax/.ssh/
2022-02-26 15:03:01 :   -> /home/lordpax/.gnupg/
2022-02-26 15:03:01 :   -> /home/lordpax/.vscode-oss/
2022-02-26 15:03:01 :   -> /home/lordpax/.config_backup/
2022-02-26 15:03:01 :   -> /home/lordpax/.themes/
2022-02-26 15:03:01 :   -> /home/lordpax/.vim/autoload/plug.vim
2022-02-26 15:03:01 :   -> /home/lordpax/.Xresources
2022-02-26 15:03:01 :   -> /home/lordpax/.bashrc
2022-02-26 15:03:01 :   -> /home/lordpax/.conkyrc
2022-02-26 15:03:01 :   -> /home/lordpax/.vimrc
2022-02-26 15:03:01 :   -> /home/lordpax/.tmux.conf
2022-02-26 15:03:01 :   -> /home/lordpax/.gitconfig
2022-02-26 15:03:01 :   -> /home/lordpax/.vim-vixen.json
2022-02-26 15:03:01 : Backup /save/dotfile.2022-02-26.tar.gz in progress ...
2022-02-26 15:03:10 : Backup /save/dotfile.2022-02-26.tar.gz end
2022-02-26 15:03:10 : Deleting 1 old backup : 
2022-02-26 15:03:10 :   -> Deleting /save/dotfile.2022-02-19.tar.gz ...
2022-02-26 15:08:44 : ERROR : Something wrong with compression
2022-03-01 15:00:01 : Compress of :
2022-03-01 15:00:01 :   -> /home/lordpax/Images
2022-03-01 15:00:01 :   -> /home/lordpax/programme
2022-03-01 15:00:01 :   -> /home/lordpax/Applications
2022-03-01 15:00:01 :   -> /home/lordpax/Documents/Banque
2022-03-01 15:00:01 :   -> /home/lordpax/Documents/Archlinux
2022-03-01 15:00:01 :   -> /home/lordpax/Documents/Cours
2022-03-01 15:00:01 :   -> /home/lordpax/Documents/CoursESGI
2022-03-01 15:00:01 :   -> /home/lordpax/Documents/Crypto
2022-03-01 15:00:01 :   -> /home/lordpax/Documents/Doc
2022-03-01 15:00:01 :   -> /home/lordpax/Documents/Jeux
2022-03-01 15:00:01 :   -> /home/lordpax/Documents/Stage
2022-03-01 15:00:01 :   -> /home/lordpax/Documents/poursuite
2022-03-01 15:00:01 :   -> /home/lordpax/Documents/ParcourSup
2022-03-01 15:00:01 :   -> /home/lordpax/Documents/Programmation
2022-03-01 15:00:01 :   -> /home/lordpax/Documents/Pentest
2022-03-01 15:00:01 :   -> /home/lordpax/Documents/Alternance
2022-03-01 15:00:01 :   -> /home/lordpax/Documents/ESGI
2022-03-01 15:00:01 :   -> /home/lordpax/Documents/Challenge
2022-03-01 15:00:01 :   -> /home/lordpax/Documents/marionnet
2022-03-01 15:00:01 : Backup /save/backup_compute-2.2022-03-01.tar.gz in progress ...
2022-03-01 15:03:01 : Compress of :
2022-03-01 15:03:01 :   -> /home/lordpax/.config/i3/
2022-03-01 15:03:01 :   -> /home/lordpax/.config/rofi/
2022-03-01 15:03:01 :   -> /home/lordpax/.config/polybar/
2022-03-01 15:03:01 :   -> /home/lordpax/.config/kdeconnect/
2022-03-01 15:03:01 :   -> /home/lordpax/.config/Kvantum/
2022-03-01 15:03:01 :   -> /home/lordpax/.config/latte/
2022-03-01 15:03:01 :   -> /home/lordpax/.config/picom/
2022-03-01 15:03:01 :   -> /home/lordpax/.config/thunar-script/
2022-03-01 15:03:01 :   -> /home/lordpax/.ssh/
2022-03-01 15:03:01 :   -> /home/lordpax/.gnupg/
2022-03-01 15:03:01 :   -> /home/lordpax/.vscode-oss/
2022-03-01 15:03:01 :   -> /home/lordpax/.config_backup/
2022-03-01 15:03:01 :   -> /home/lordpax/.themes/
2022-03-01 15:03:01 :   -> /home/lordpax/.vim/autoload/plug.vim
2022-03-01 15:03:01 :   -> /home/lordpax/.Xresources
2022-03-01 15:03:01 :   -> /home/lordpax/.bashrc
2022-03-01 15:03:01 :   -> /home/lordpax/.conkyrc
2022-03-01 15:03:01 :   -> /home/lordpax/.vimrc
2022-03-01 15:03:01 :   -> /home/lordpax/.tmux.conf
2022-03-01 15:03:01 :   -> /home/lordpax/.gitconfig
2022-03-01 15:03:01 :   -> /home/lordpax/.vim-vixen.json
2022-03-01 15:03:01 : Backup /save/dotfile.2022-03-01.tar.gz in progress ...
2022-03-01 15:03:10 : Backup /save/dotfile.2022-03-01.tar.gz end
2022-03-01 15:03:10 : Deleting 1 old backup : 
2022-03-01 15:03:10 :   -> Deleting /save/dotfile.2022-02-24.tar.gz ...
2022-03-01 15:09:02 : ERROR : Something wrong with compression
2022-03-04 15:00:01 : Compress of :
2022-03-04 15:00:01 :   -> /home/lordpax/Images
2022-03-04 15:00:01 :   -> /home/lordpax/programme
2022-03-04 15:00:01 :   -> /home/lordpax/Applications
2022-03-04 15:00:01 :   -> /home/lordpax/Documents/Banque
2022-03-04 15:00:01 :   -> /home/lordpax/Documents/Archlinux
2022-03-04 15:00:01 :   -> /home/lordpax/Documents/Cours
2022-03-04 15:00:01 :   -> /home/lordpax/Documents/CoursESGI
2022-03-04 15:00:01 :   -> /home/lordpax/Documents/Crypto
2022-03-04 15:00:01 :   -> /home/lordpax/Documents/Doc
2022-03-04 15:00:01 :   -> /home/lordpax/Documents/Jeux
2022-03-04 15:00:01 :   -> /home/lordpax/Documents/Stage
2022-03-04 15:00:01 :   -> /home/lordpax/Documents/poursuite
2022-03-04 15:00:01 :   -> /home/lordpax/Documents/ParcourSup
2022-03-04 15:00:01 :   -> /home/lordpax/Documents/Programmation
2022-03-04 15:00:01 :   -> /home/lordpax/Documents/Pentest
2022-03-04 15:00:01 :   -> /home/lordpax/Documents/Alternance
2022-03-04 15:00:01 :   -> /home/lordpax/Documents/ESGI
2022-03-04 15:00:01 :   -> /home/lordpax/Documents/Challenge
2022-03-04 15:00:01 :   -> /home/lordpax/Documents/marionnet
2022-03-04 15:00:01 : Backup /save/backup_compute-2.2022-03-04.tar.gz in progress ...
2022-03-04 15:03:01 : Compress of :
2022-03-04 15:03:01 :   -> /home/lordpax/.config/i3/
2022-03-04 15:03:01 :   -> /home/lordpax/.config/rofi/
2022-03-04 15:03:01 :   -> /home/lordpax/.config/polybar/
2022-03-04 15:03:01 :   -> /home/lordpax/.config/kdeconnect/
2022-03-04 15:03:01 :   -> /home/lordpax/.config/Kvantum/
2022-03-04 15:03:01 :   -> /home/lordpax/.config/latte/
2022-03-04 15:03:01 :   -> /home/lordpax/.config/picom/
2022-03-04 15:03:01 :   -> /home/lordpax/.config/thunar-script/
2022-03-04 15:03:01 :   -> /home/lordpax/.ssh/
2022-03-04 15:03:01 :   -> /home/lordpax/.gnupg/
2022-03-04 15:03:01 :   -> /home/lordpax/.vscode-oss/
2022-03-04 15:03:01 :   -> /home/lordpax/.config_backup/
2022-03-04 15:03:01 :   -> /home/lordpax/.themes/
2022-03-04 15:03:01 :   -> /home/lordpax/.vim/autoload/plug.vim
2022-03-04 15:03:01 :   -> /home/lordpax/.Xresources
2022-03-04 15:03:01 :   -> /home/lordpax/.bashrc
2022-03-04 15:03:01 :   -> /home/lordpax/.conkyrc
2022-03-04 15:03:01 :   -> /home/lordpax/.vimrc
2022-03-04 15:03:01 :   -> /home/lordpax/.tmux.conf
2022-03-04 15:03:01 :   -> /home/lordpax/.gitconfig
2022-03-04 15:03:01 :   -> /home/lordpax/.vim-vixen.json
2022-03-04 15:03:01 : Backup /save/dotfile.2022-03-04.tar.gz in progress ...
2022-03-04 15:03:10 : Backup /save/dotfile.2022-03-04.tar.gz end
2022-03-04 15:03:10 : Deleting 1 old backup : 
2022-03-04 15:03:10 :   -> Deleting /save/dotfile.2022-02-25.tar.gz ...
2022-03-04 15:09:15 : ERROR : Something wrong with compression
2022-03-08 15:00:01 : Compress of :
2022-03-08 15:00:01 :   -> /home/lordpax/Images
2022-03-08 15:00:01 :   -> /home/lordpax/programme
2022-03-08 15:00:01 :   -> /home/lordpax/Applications
2022-03-08 15:00:01 :   -> /home/lordpax/Documents/Banque
2022-03-08 15:00:01 :   -> /home/lordpax/Documents/Archlinux
2022-03-08 15:00:01 :   -> /home/lordpax/Documents/Cours
2022-03-08 15:00:01 :   -> /home/lordpax/Documents/CoursESGI
2022-03-08 15:00:01 :   -> /home/lordpax/Documents/Crypto
2022-03-08 15:00:01 :   -> /home/lordpax/Documents/Doc
2022-03-08 15:00:01 :   -> /home/lordpax/Documents/Jeux
2022-03-08 15:00:01 :   -> /home/lordpax/Documents/Stage
2022-03-08 15:00:01 :   -> /home/lordpax/Documents/poursuite
2022-03-08 15:00:01 :   -> /home/lordpax/Documents/ParcourSup
2022-03-08 15:00:01 :   -> /home/lordpax/Documents/Programmation
2022-03-08 15:00:01 :   -> /home/lordpax/Documents/Pentest
2022-03-08 15:00:01 :   -> /home/lordpax/Documents/Alternance
2022-03-08 15:00:01 :   -> /home/lordpax/Documents/ESGI
2022-03-08 15:00:01 :   -> /home/lordpax/Documents/Challenge
2022-03-08 15:00:01 :   -> /home/lordpax/Documents/marionnet
2022-03-08 15:00:01 : Backup /save/backup_compute-2.2022-03-08.tar.gz in progress ...
2022-03-08 15:03:01 : Compress of :
2022-03-08 15:03:01 :   -> /home/lordpax/.config/i3/
2022-03-08 15:03:01 :   -> /home/lordpax/.config/rofi/
2022-03-08 15:03:01 :   -> /home/lordpax/.config/polybar/
2022-03-08 15:03:01 :   -> /home/lordpax/.config/kdeconnect/
2022-03-08 15:03:01 :   -> /home/lordpax/.config/Kvantum/
2022-03-08 15:03:01 :   -> /home/lordpax/.config/latte/
2022-03-08 15:03:01 :   -> /home/lordpax/.config/picom/
2022-03-08 15:03:01 :   -> /home/lordpax/.config/thunar-script/
2022-03-08 15:03:01 :   -> /home/lordpax/.ssh/
2022-03-08 15:03:01 :   -> /home/lordpax/.gnupg/
2022-03-08 15:03:01 :   -> /home/lordpax/.vscode-oss/
2022-03-08 15:03:01 :   -> /home/lordpax/.config_backup/
2022-03-08 15:03:01 :   -> /home/lordpax/.themes/
2022-03-08 15:03:01 :   -> /home/lordpax/.vim/autoload/plug.vim
2022-03-08 15:03:01 :   -> /home/lordpax/.Xresources
2022-03-08 15:03:01 :   -> /home/lordpax/.bashrc
2022-03-08 15:03:01 :   -> /home/lordpax/.conkyrc
2022-03-08 15:03:01 :   -> /home/lordpax/.vimrc
2022-03-08 15:03:01 :   -> /home/lordpax/.tmux.conf
2022-03-08 15:03:01 :   -> /home/lordpax/.gitconfig
2022-03-08 15:03:01 :   -> /home/lordpax/.vim-vixen.json
2022-03-08 15:03:01 : Backup /save/dotfile.2022-03-08.tar.gz in progress ...
2022-03-08 15:03:09 : Backup /save/dotfile.2022-03-08.tar.gz end
2022-03-08 15:03:09 : Deleting 1 old backup : 
2022-03-08 15:03:09 :   -> Deleting /save/dotfile.2022-02-26.tar.gz ...
2022-03-08 15:09:13 : ERROR : Something wrong with compression
2022-03-10 15:00:01 : Compress of :
2022-03-10 15:00:01 :   -> /home/lordpax/Images
2022-03-10 15:00:01 :   -> /home/lordpax/programme
2022-03-10 15:00:01 :   -> /home/lordpax/Applications
2022-03-10 15:00:01 :   -> /home/lordpax/Documents/Banque
2022-03-10 15:00:01 :   -> /home/lordpax/Documents/Archlinux
2022-03-10 15:00:01 :   -> /home/lordpax/Documents/Cours
2022-03-10 15:00:01 :   -> /home/lordpax/Documents/CoursESGI
2022-03-10 15:00:01 :   -> /home/lordpax/Documents/Crypto
2022-03-10 15:00:01 :   -> /home/lordpax/Documents/Doc
2022-03-10 15:00:01 :   -> /home/lordpax/Documents/Jeux
2022-03-10 15:00:01 :   -> /home/lordpax/Documents/Stage
2022-03-10 15:00:01 :   -> /home/lordpax/Documents/poursuite
2022-03-10 15:00:01 :   -> /home/lordpax/Documents/ParcourSup
2022-03-10 15:00:01 :   -> /home/lordpax/Documents/Programmation
2022-03-10 15:00:01 :   -> /home/lordpax/Documents/Pentest
2022-03-10 15:00:01 :   -> /home/lordpax/Documents/Alternance
2022-03-10 15:00:01 :   -> /home/lordpax/Documents/ESGI
2022-03-10 15:00:01 :   -> /home/lordpax/Documents/Challenge
2022-03-10 15:00:01 :   -> /home/lordpax/Documents/marionnet
2022-03-10 15:00:01 : Backup /save/backup_compute-2.2022-03-10.tar.gz in progress ...
2022-03-10 15:03:01 : Compress of :
2022-03-10 15:03:01 :   -> /home/lordpax/.config/i3/
2022-03-10 15:03:01 :   -> /home/lordpax/.config/rofi/
2022-03-10 15:03:01 :   -> /home/lordpax/.config/polybar/
2022-03-10 15:03:01 :   -> /home/lordpax/.config/kdeconnect/
2022-03-10 15:03:01 :   -> /home/lordpax/.config/Kvantum/
2022-03-10 15:03:01 :   -> /home/lordpax/.config/latte/
2022-03-10 15:03:01 :   -> /home/lordpax/.config/picom/
2022-03-10 15:03:01 :   -> /home/lordpax/.config/thunar-script/
2022-03-10 15:03:01 :   -> /home/lordpax/.ssh/
2022-03-10 15:03:01 :   -> /home/lordpax/.gnupg/
2022-03-10 15:03:01 :   -> /home/lordpax/.vscode-oss/
2022-03-10 15:03:01 :   -> /home/lordpax/.config_backup/
2022-03-10 15:03:01 :   -> /home/lordpax/.themes/
2022-03-10 15:03:01 :   -> /home/lordpax/.vim/autoload/plug.vim
2022-03-10 15:03:01 :   -> /home/lordpax/.Xresources
2022-03-10 15:03:01 :   -> /home/lordpax/.bashrc
2022-03-10 15:03:01 :   -> /home/lordpax/.conkyrc
2022-03-10 15:03:01 :   -> /home/lordpax/.vimrc
2022-03-10 15:03:01 :   -> /home/lordpax/.tmux.conf
2022-03-10 15:03:01 :   -> /home/lordpax/.gitconfig
2022-03-10 15:03:01 :   -> /home/lordpax/.vim-vixen.json
2022-03-10 15:03:01 : Backup /save/dotfile.2022-03-10.tar.gz in progress ...
2022-03-10 15:03:09 : Backup /save/dotfile.2022-03-10.tar.gz end
2022-03-10 15:03:09 : Deleting 1 old backup : 
2022-03-10 15:03:09 :   -> Deleting /save/dotfile.2022-03-01.tar.gz ...
2022-03-10 15:09:22 : ERROR : Something wrong with compression
